<?xml version="1.0" encoding="UTF-8"?>
<!-- Generated by org.testng.reporters.JUnitReportReporter -->
<testsuite hostname="jeelaniBasha" failures="0" tests="1" name="TestCases.TC_001_LoginPage2" time="10.700" errors="0" timestamp="2024-05-29T10:51:17 IST" skipped="0">
  <testcase classname="TestCases.TC_001_LoginPage2" name="loginAccount" time="10.700"/>
</testsuite> <!-- TestCases.TC_001_LoginPage2 -->
