<?xml version="1.0" encoding="UTF-8"?>
<!-- Generated by org.testng.reporters.JUnitReportReporter -->
<testsuite hostname="jeelaniBasha" failures="0" tests="2" name="TestCases.TC_001_LoginPage" time="24.990" errors="0" timestamp="2024-05-29T10:51:17 IST" skipped="0">
  <testcase classname="TestCases.TC_001_LoginPage" name="loginAccount" time="18.326"/>
  <testcase classname="TestCases.TC_001_LoginPage" name="Addtocart" time="6.664"/>
</testsuite> <!-- TestCases.TC_001_LoginPage -->
